GAME - [Update] Event Added
GAME - [Update] Event Added
GAME - [Key Press] Event Added
GAME - WindowShown
GAME - WindowMoved
GAME - VideoExpose
GAME - WindowExposed
GAME - ActiveEvent
GAME - WindowFocusGained
GAME - WindowTakeFocus
GAME - KeyDown
GAME - KeyUp
GAME - KeyDown
GAME - KeyDown
GAME - KeyUp
GAME - KeyDown
GAME - KeyUp
GAME - KeyDown
GAME - KeyUp
GAME - KeyDown
GAME - KeyUp
GAME - KeyDown
GAME - KeyDown
GAME - KeyUp
GAME - KeyDown
GAME - KeyUp
GAME - KeyUp
GAME - KeyDown
GAME - KeyUp
GAME - KeyDown
GAME - KeyUp
GAME - KeyDown
GAME - KeyUp
GAME - KeyDown
GAME - KeyUp
GAME - KeyDown
GAME - KeyUp
GAME - KeyDown
GAME - KeyUp
GAME - KeyDown
GAME - KeyDown
GAME - KeyUp
GAME - KeyUp
GAME - KeyDown
GAME - KeyDown
GAME - KeyUp
GAME - KeyUp
GAME - KeyDown
GAME - KeyDown
GAME - Reset
GAME - KeyUp
GAME - KeyUp
GAME - KeyUp
GAME - ActiveEvent
GAME - WindowEnter
GAME - MouseMotion
GAME - MouseMotion
GAME - MouseMotion
GAME - MouseMotion
GAME - MouseMotion
GAME - MouseMotion
GAME - MouseMotion
GAME - MouseMotion
GAME - MouseMotion
GAME - MouseMotion
GAME - MouseMotion
GAME - MouseMotion
GAME - MouseMotion
GAME - MouseMotion
GAME - MouseMotion
GAME - MouseMotion
GAME - MouseMotion
GAME - MouseMotion
GAME - MouseMotion
GAME - MouseMotion
GAME - MouseMotion
GAME - MouseMotion
GAME - MouseMotion
GAME - MouseMotion
GAME - MouseMotion
GAME - MouseMotion
GAME - MouseMotion
GAME - MouseMotion
GAME - MouseMotion
GAME - MouseMotion
GAME - MouseMotion
GAME - MouseMotion
GAME - MouseMotion
GAME - MouseMotion
GAME - MouseMotion
GAME - MouseMotion
GAME - MouseMotion
GAME - MouseMotion
GAME - MouseMotion
GAME - MouseMotion
GAME - MouseMotion
GAME - MouseMotion
GAME - MouseMotion
GAME - MouseMotion
GAME - MouseMotion
GAME - MouseMotion
GAME - MouseMotion
GAME - MouseMotion
GAME - MouseMotion
GAME - MouseMotion
GAME - MouseMotion
GAME - MouseMotion
GAME - MouseMotion
GAME - MouseMotion
GAME - MouseMotion
GAME - MouseMotion
GAME - MouseMotion
GAME - MouseMotion
GAME - MouseMotion
GAME - MouseMotion
GAME - MouseMotion
GAME - MouseMotion
GAME - MouseMotion
GAME - MouseMotion
GAME - MouseMotion
GAME - MouseMotion
GAME - MouseMotion
GAME - MouseMotion
GAME - MouseMotion
GAME - MouseMotion
GAME - MouseMotion
GAME - MouseMotion
GAME - MouseMotion
GAME - MouseMotion
GAME - WindowTakeFocus
GAME - MouseButtonDown
GAME - MouseMotion
GAME - MouseMotion
GAME - MouseMotion
GAME - MouseMotion
GAME - MouseMotion
GAME - MouseMotion
GAME - MouseMotion
GAME - MouseMotion
GAME - MouseMotion
GAME - MouseMotion
GAME - MouseMotion
GAME - MouseMotion
GAME - MouseMotion
GAME - MouseMotion
GAME - MouseMotion
GAME - MouseMotion
GAME - MouseMotion
GAME - MouseButtonUp
GAME - MouseMotion
GAME - MouseMotion
GAME - MouseMotion
GAME - MouseMotion
GAME - MouseMotion
GAME - MouseMotion
GAME - MouseMotion
GAME - MouseMotion
GAME - MouseMotion
GAME - MouseMotion
GAME - MouseMotion
GAME - MouseMotion
GAME - MouseMotion
GAME - MouseMotion
GAME - MouseMotion
GAME - MouseMotion
GAME - MouseMotion
GAME - MouseMotion
GAME - MouseMotion
GAME - MouseMotion
GAME - MouseMotion
GAME - MouseMotion
GAME - MouseMotion
GAME - MouseMotion
GAME - MouseMotion
GAME - MouseMotion
GAME - MouseMotion
GAME - MouseMotion
GAME - MouseMotion
GAME - MouseMotion
GAME - MouseMotion
GAME - MouseMotion
GAME - MouseMotion
GAME - MouseMotion
GAME - MouseMotion
GAME - MouseMotion
GAME - ActiveEvent
GAME - WindowLeave
GAME - WindowTakeFocus
GAME - WindowClose
